#
# There is insufficient memory for the Java Runtime Environment to continue.
# Native memory allocation (mmap) failed to map 536870912 bytes. Error detail: G1 virtual space
# Possible reasons:
#   The system is out of physical RAM or swap space
#   This process is running with CompressedOops enabled, and the Java Heap may be blocking the growth of the native heap
# Possible solutions:
#   Reduce memory load on the system
#   Increase physical memory or swap space
#   Check if swap backing store is full
#   Decrease Java heap size (-Xmx/-Xms)
#   Decrease number of Java threads
#   Decrease Java thread stack sizes (-Xss)
#   Set larger code cache with -XX:ReservedCodeCacheSize=
#   JVM is running with Zero Based Compressed Oops mode in which the Java heap is
#     placed in the first 32GB address space. The Java Heap base address is the
#     maximum limit for the native heap growth. Please use -XX:HeapBaseMinAddress
#     to set the Java Heap base and to place the Java Heap above 32GB virtual address.
# This output file may be truncated or incomplete.
#
#  Out of Memory Error (os_windows.cpp:3926), pid=97380, tid=7544
#
# JRE version:  (21.0.10+1) (build )
# Java VM: OpenJDK 64-Bit Server VM (21.0.10+1-b1163.108, mixed mode, sharing, tiered, compressed oops, compressed class ptrs, g1 gc, windows-amd64)
# No core dump will be written. Minidumps are not enabled by default on client versions of Windows
#

---------------  S U M M A R Y ------------

Command Line: git4idea.http.GitAskPassApp Password for 'https://wdudek82@github.com': 

Host: 11th Gen Intel(R) Core(TM) i5-11400F @ 2.60GHz, 12 cores, 31G,  Windows 11 , 64 bit Build 26100 (10.0.26100.7705)
Time: Fri Mar  6 21:56:59 2026 Central European Standard Time elapsed time: 0.850012 seconds (0d 0h 0m 0s)

---------------  T H R E A D  ---------------

Current thread (0x000002a5da525310):  JavaThread "Unknown thread" [_thread_in_vm, id=7544, stack(0x000000c14d300000,0x000000c14d400000) (1024K)]

Stack: [0x000000c14d300000,0x000000c14d400000]
Native frames: (J=compiled Java code, j=interpreted, Vv=VM code, C=native code)
V  [jvm.dll+0x6ecf49]
V  [jvm.dll+0x8cbe73]
V  [jvm.dll+0x8ce49e]
V  [jvm.dll+0x8ceb83]
V  [jvm.dll+0x28b776]
V  [jvm.dll+0x6e9725]
V  [jvm.dll+0x6dcdba]
V  [jvm.dll+0x3671cb]
V  [jvm.dll+0x36edb6]
V  [jvm.dll+0x3c1436]
V  [jvm.dll+0x3c1708]
V  [jvm.dll+0x33997c]
V  [jvm.dll+0x33a66b]
V  [jvm.dll+0x894719]
V  [jvm.dll+0x3ce608]
V  [jvm.dll+0x87d658]
V  [jvm.dll+0x46322e]
V  [jvm.dll+0x464f11]
C  [jli.dll+0x52ab]
C  [ucrtbase.dll+0x37b0]
C  [KERNEL32.DLL+0x2e8d7]
C  [ntdll.dll+0x8c40c]


---------------  P R O C E S S  ---------------

Threads class SMR info:
_java_thread_list=0x00007ffd83d252c8, length=0, elements={
}

Java Threads: ( => current thread )
Total: 0

Other Threads:
  0x000002a5dca019f0 WorkerThread "GC Thread#0"                     [id=85176, stack(0x000000c14d400000,0x000000c14d500000) (1024K)]
  0x000002a5dca138f0 ConcurrentGCThread "G1 Main Marker"            [id=75764, stack(0x000000c14d500000,0x000000c14d600000) (1024K)]
  0x000002a5dca14400 WorkerThread "G1 Conc#0"                       [id=70796, stack(0x000000c14d600000,0x000000c14d700000) (1024K)]

[error occurred during error reporting (printing all threads), id 0xc0000005, EXCEPTION_ACCESS_VIOLATION (0xc0000005) at pc=0x00007ffd8340c9d7]
VM state: not at safepoint (not fully initialized)

VM Mutex/Monitor currently owned by a thread:  ([mutex/lock_event])
[0x00007ffd83d99e20] Heap_lock - owner thread: 0x000002a5da525310

Heap address: 0x0000000602000000, size: 8160 MB, Compressed Oops mode: Zero based, Oop shift amount: 3

CDS archive(s) mapped at: [0x0000000000000000-0x0000000000000000-0x0000000000000000), size 0, SharedBaseAddress: 0x0000000800000000, ArchiveRelocationMode: 1.
Narrow klass base: 0x0000000000000000, Narrow klass shift: 0, Narrow klass range: 0x0

GC Precious Log:
 CardTable entry size: 512
 Card Set container configuration: InlinePtr #cards 4 size 8 Array Of Cards #cards 32 size 80 Howl #buckets 8 coarsen threshold 7372 Howl Bitmap #cards 1024 size 144 coarsen threshold 921 Card regions per heap region 1 cards per card region 8192

Heap:
 garbage-first heap   total 0K, used 0K [0x0000000602000000, 0x0000000800000000)
  region size 4096K, 0 young (0K), 0 survivors (0K)
 Metaspace       used 0K, committed 0K, reserved 0K
  class space    used 0K, committed 0K, reserved 0K

Heap Regions: E=young(eden), S=young(survivor), O=old, HS=humongous(starts), HC=humongous(continues), CS=collection set, F=free, TAMS=top-at-mark-start, PB=parsable bottom

Card table byte_map: [0x000002a5f0f20000,0x000002a5f1f10000] _byte_map_base: 0x000002a5edf10000

Marking Bits: (CMBitMap*) 0x000002a5dca03110
 Bits: [0x000002a5f1f10000, 0x000002a5f9e90000)

GC Heap History (0 events):
No events

Dll operation events (1 events):
Event: 0.052 Loaded shared library D:\Programs\IntelliJ IDEA Ultimate\jbr\bin\java.dll

Deoptimization events (0 events):
No events

Classes loaded (0 events):
No events

Classes unloaded (0 events):
No events

Classes redefined (0 events):
No events

Internal exceptions (0 events):
No events

ZGC Phase Switch (0 events):
No events

VM Operations (0 events):
No events

Memory protections (0 events):
No events

Nmethod flushes (0 events):
No events

Events (0 events):
No events


Dynamic libraries:
0x00007ff684f70000 - 0x00007ff684f7a000 	D:\Programs\IntelliJ IDEA Ultimate\jbr\bin\java.exe
0x00007ffe4a880000 - 0x00007ffe4aae8000 	C:\WINDOWS\SYSTEM32\ntdll.dll
0x00007ffe49310000 - 0x00007ffe493d9000 	C:\WINDOWS\System32\KERNEL32.DLL
0x00007ffe472a0000 - 0x00007ffe47691000 	C:\WINDOWS\System32\KERNELBASE.dll
0x00007ffe47940000 - 0x00007ffe47a8b000 	C:\WINDOWS\System32\ucrtbase.dll
0x00007ffe42960000 - 0x00007ffe42978000 	D:\Programs\IntelliJ IDEA Ultimate\jbr\bin\jli.dll
0x00007ffe49820000 - 0x00007ffe499e6000 	C:\WINDOWS\System32\USER32.dll
0x00007ffe485f0000 - 0x00007ffe48617000 	C:\WINDOWS\System32\win32u.dll
0x00007ffe4a610000 - 0x00007ffe4a63b000 	C:\WINDOWS\System32\GDI32.dll
0x00007ffe47760000 - 0x00007ffe4788b000 	C:\WINDOWS\System32\gdi32full.dll
0x00007ffe47160000 - 0x00007ffe47203000 	C:\WINDOWS\System32\msvcp_win.dll
0x00007ffe2f320000 - 0x00007ffe2f33b000 	D:\Programs\IntelliJ IDEA Ultimate\jbr\bin\VCRUNTIME140.dll
0x00007ffe2c090000 - 0x00007ffe2c323000 	C:\WINDOWS\WinSxS\amd64_microsoft.windows.common-controls_6595b64144ccf1df_6.0.26100.7824_none_3e0870b2e3345462\COMCTL32.dll
0x00007ffe48790000 - 0x00007ffe48839000 	C:\WINDOWS\System32\msvcrt.dll
0x00007ffe4a0a0000 - 0x00007ffe4a0d1000 	C:\WINDOWS\System32\IMM32.DLL
0x00007ffe3a5f0000 - 0x00007ffe3a5fc000 	D:\Programs\IntelliJ IDEA Ultimate\jbr\bin\vcruntime140_1.dll
0x00007ffe2f390000 - 0x00007ffe2f41d000 	D:\Programs\IntelliJ IDEA Ultimate\jbr\bin\msvcp140.dll
0x00007ffd830c0000 - 0x00007ffd83e8d000 	D:\Programs\IntelliJ IDEA Ultimate\jbr\bin\server\jvm.dll
0x00007ffe4a6d0000 - 0x00007ffe4a784000 	C:\WINDOWS\System32\ADVAPI32.dll
0x00007ffe4a790000 - 0x00007ffe4a836000 	C:\WINDOWS\System32\sechost.dll
0x00007ffe489c0000 - 0x00007ffe48ad8000 	C:\WINDOWS\System32\RPCRT4.dll
0x00007ffe48940000 - 0x00007ffe489b4000 	C:\WINDOWS\System32\WS2_32.dll
0x00007ffe46e10000 - 0x00007ffe46e6e000 	C:\WINDOWS\SYSTEM32\POWRPROF.dll
0x00007ffe39630000 - 0x00007ffe39665000 	C:\WINDOWS\SYSTEM32\WINMM.dll
0x00007ffe41010000 - 0x00007ffe4101b000 	C:\WINDOWS\SYSTEM32\VERSION.dll
0x00007ffe46df0000 - 0x00007ffe46e04000 	C:\WINDOWS\SYSTEM32\UMPDC.dll
0x00007ffe45ec0000 - 0x00007ffe45edb000 	C:\WINDOWS\SYSTEM32\kernel.appcore.dll
0x00007ffe3a5e0000 - 0x00007ffe3a5ea000 	D:\Programs\IntelliJ IDEA Ultimate\jbr\bin\jimage.dll
0x00007ffe2d410000 - 0x00007ffe2d652000 	C:\WINDOWS\SYSTEM32\DBGHELP.DLL
0x00007ffe4a140000 - 0x00007ffe4a4c6000 	C:\WINDOWS\System32\combase.dll
0x00007ffe49730000 - 0x00007ffe49807000 	C:\WINDOWS\System32\OLEAUT32.dll
0x00007ffe32590000 - 0x00007ffe325cb000 	C:\WINDOWS\SYSTEM32\dbgcore.DLL
0x00007ffe47890000 - 0x00007ffe47935000 	C:\WINDOWS\System32\bcryptPrimitives.dll
0x00007ffe1ce20000 - 0x00007ffe1ce40000 	D:\Programs\IntelliJ IDEA Ultimate\jbr\bin\java.dll

JVMTI agents: none

dbghelp: loaded successfully - version: 4.0.5 - missing functions: none
symbol engine: initialized successfully - sym options: 0x614 - pdb path: .;D:\Programs\IntelliJ IDEA Ultimate\jbr\bin;C:\WINDOWS\SYSTEM32;C:\WINDOWS\WinSxS\amd64_microsoft.windows.common-controls_6595b64144ccf1df_6.0.26100.7824_none_3e0870b2e3345462;D:\Programs\IntelliJ IDEA Ultimate\jbr\bin\server

VM Arguments:
java_command: git4idea.http.GitAskPassApp Password for 'https://wdudek82@github.com': 
java_class_path (initial): D:/Programs/IntelliJ IDEA Ultimate/plugins/vcs-git/lib/git4idea-rt.jar;D:/Programs/IntelliJ IDEA Ultimate/lib/externalProcess-rt.jar
Launcher Type: SUN_STANDARD

[Global flags]
     intx CICompilerCount                          = 4                                         {product} {ergonomic}
     uint ConcGCThreads                            = 3                                         {product} {ergonomic}
     uint G1ConcRefinementThreads                  = 10                                        {product} {ergonomic}
   size_t G1HeapRegionSize                         = 4194304                                   {product} {ergonomic}
    uintx GCDrainStackTargetSize                   = 64                                        {product} {ergonomic}
   size_t InitialHeapSize                          = 536870912                                 {product} {ergonomic}
   size_t MarkStackSize                            = 4194304                                   {product} {ergonomic}
   size_t MaxHeapSize                              = 8556380160                                {product} {ergonomic}
   size_t MinHeapDeltaBytes                        = 4194304                                   {product} {ergonomic}
   size_t MinHeapSize                              = 8388608                                   {product} {ergonomic}
    uintx NonNMethodCodeHeapSize                   = 5839372                                {pd product} {ergonomic}
    uintx NonProfiledCodeHeapSize                  = 122909434                              {pd product} {ergonomic}
    uintx ProfiledCodeHeapSize                     = 122909434                              {pd product} {ergonomic}
    uintx ReservedCodeCacheSize                    = 251658240                              {pd product} {ergonomic}
     bool SegmentedCodeCache                       = true                                      {product} {ergonomic}
   size_t SoftMaxHeapSize                          = 8556380160                             {manageable} {ergonomic}
     bool UseCompressedOops                        = true                           {product lp64_product} {ergonomic}
     bool UseG1GC                                  = true                                      {product} {ergonomic}
     bool UseLargePagesIndividualAllocation        = false                                  {pd product} {ergonomic}

Logging:
Log output configuration:
 #0: stdout all=warning uptime,level,tags foldmultilines=false
 #1: stderr all=off uptime,level,tags foldmultilines=false

Release file:
<release file has not been read>
Environment Variables:
JAVA_HOME=C:\Program Files\Java\jdk-17
PATH=C:\Program Files\Git\mingw64\libexec\git-core;C:\Program Files\Git\mingw64\libexec\git-core;C:\Program Files\Git\mingw64\bin;C:\Program Files\Git\usr\bin;C:\Users\neevor\bin;C:\Program Files\Common Files\Oracle\Java\javapath;C:\Python310\Scripts;C:\Python310;C:\Windows\system32;C:\Windows;C:\Windows\System32\Wbem;C:\Windows\System32\WindowsPowerShell\v1.0;C:\Windows\System32\OpenSSH;C:\Program Files (x86)\NVIDIA Corporation\PhysX\Common;C:\ProgramData\chocolatey\bin;C:\Program Files\dotnet;C:\Users\neevor\AppData\Roaming\Python\Python310\Scripts;C:\Users\neevor\AppData\Roaming\nvm;C:\Program Files\nodejs;C:\WINDOWS\system32;C:\WINDOWS;C:\WINDOWS\System32\Wbem;C:\WINDOWS\System32\WindowsPowerShell\v1.0;C:\WINDOWS\System32\OpenSSH;C:\Program Files\Java\jdk-17\bin;C:\Program Files\apache-maven-3.9.6\bin;C:\Program Files\Git\cmd;C:\Program Files\NVIDIA Corporation\NVIDIA App\NvDLISR;C:\Users\neevor\AppData\Local\Microsoft\WindowsApps;C:\Users\neevor\AppData\Roaming\npm;C:\Users\neevor\.dotnet\tools;C:\Users\neevor\AppData\Local\Programs\Microsoft VS Code\bin;C:\Program Files\heroku\bin;C:\Users\neevor\AppData\Roaming\nvm;C:\Program Files\nodejs;C:\Users\neevor\AppData\Local\JetBrains\Toolbox\scripts;C:\Users\neevor\AppData\Local\Microsoft\WindowsApps;C:\Users\neevor\AppData\Local\Microsoft\WinGet\Links;C:\Users\neevor\.dotnet\tools;D:\JetBrains\Toolbox\scripts
USERNAME=neevor
DISPLAY=:0.0
LC_ALL=en_US.UTF-8
TERM=xterm-256color
TMPDIR=C:\Users\neevor\AppData\Local\Temp
OS=Windows_NT
PROCESSOR_IDENTIFIER=Intel64 Family 6 Model 167 Stepping 1, GenuineIntel
TMP=C:\Users\neevor\AppData\Local\Temp
TEMP=C:\Users\neevor\AppData\Local\Temp




Periodic native trim disabled

JNI global refs:
JNI global refs: 0, weak refs: 0

JNI global refs memory usage: 0, weak refs: 0

Process memory usage:
Resident Set Size: 13376K (0% of 33418792K total physical memory with 796944K free physical memory)

OOME stack traces (most recent first):
Classloader memory used:

---------------  S Y S T E M  ---------------

OS:
 Windows 11 , 64 bit Build 26100 (10.0.26100.7705)
OS uptime: 0 days 4:26 hours
Hyper-V role detected

CPU: total 12 (initial active 12) (6 cores per cpu, 2 threads per core) family 6 model 167 stepping 1 microcode 0x40, cx8, cmov, fxsr, ht, mmx, 3dnowpref, sse, sse2, sse3, ssse3, sse4.1, sse4.2, popcnt, lzcnt, tsc, tscinvbit, avx, avx2, aes, erms, clmul, bmi1, bmi2, adx, avx512f, avx512dq, avx512cd, avx512bw, avx512vl, sha, fma, vzeroupper, avx512_vpopcntdq, avx512_vpclmulqdq, avx512_vaes, avx512_vnni, clflush, clflushopt, avx512_vbmi2, avx512_vbmi, hv, rdtscp, rdpid, fsrm, gfni, avx512_bitalg, f16c, avx512_ifma
Processor Information for the first 12 processors :
  Max Mhz: 2592, Current Mhz: 2592, Mhz Limit: 2592

Memory: 4k page, system-wide physical 32635M (778M free)
TotalPageFile size 55797M (AvailPageFile size 351M)
current process WorkingSet (physical memory assigned to process): 13M, peak: 13M
current process commit charge ("private bytes"): 64M, peak: 576M

vm_info: OpenJDK 64-Bit Server VM (21.0.10+1-b1163.108) for windows-amd64 JRE (21.0.10+1-b1163.108), built on 2026-02-06 by "builduser" with MS VC++ 16.10 / 16.11 (VS2019)

END.
